#generated by the Ahaggar framework

<function_decl> get_current() [/mnt/hacks/code/kernel/linux/arch/x86/include/asm/current.h:12]

<function_decl> __native_read_tsc() [/mnt/hacks/code/kernel/linux/arch/x86/include/asm/msr.h:113]

<function_decl> arch_irqs_disabled_flags(long unsigned int  flags) [/mnt/hacks/code/kernel/linux/arch/x86/include/asm/irqflags.h:155]

<function_decl> current_thread_info() [/mnt/hacks/code/kernel/linux/arch/x86/include/asm/thread_info.h:205]

<function_decl> write_seqcount_begin(struct seqcount_t* s) [include/linux/seqlock.h:149]

<function_decl> write_seqcount_end(struct seqcount_t* s) [include/linux/seqlock.h:155]

<function_decl> __rcu_read_lock() [include/linux/rcupdate.h:196]
  <@0x7fc60e5d1f00> current_thread_info() [include/linux/rcupdate.h:198]

<function_decl> __rcu_read_unlock() [include/linux/rcupdate.h:201]
  <@0x7fc60e5e4400> current_thread_info() [include/linux/rcupdate.h:203]

<function_decl> smp_prepare_boot_cpu() [/mnt/hacks/code/kernel/linux/arch/x86/include/asm/smp.h:103]

<function_decl> smp_prepare_cpus(unsigned int  max_cpus) [/mnt/hacks/code/kernel/linux/arch/x86/include/asm/smp.h:108]

<function_decl> mm_init_cpumask(struct mm_struct * mm) [include/linux/mm_types.h:443]

<function_decl> task_pid(struct task_struct * task) [include/linux/sched.h:1426]

<function_decl> task_pid_nr(struct task_struct * tsk) [include/linux/sched.h:1469]

<function_decl> boot_init_stack_canary() [/mnt/hacks/code/kernel/linux/arch/x86/include/asm/stackprotector.h:58]
  <@0x7fc60e5bb780> __compiletime_assert_64() [/mnt/hacks/code/kernel/linux/arch/x86/include/asm/stackprotector.h:64]
  <@0x7fc60e59ce40> get_random_bytes(<addr_expr> <var_decl> &canary, <integer_cst> 8) [/mnt/hacks/code/kernel/linux/arch/x86/include/asm/stackprotector.h:72]
  <@0x7fc60e5bb800> __native_read_tsc() [/mnt/hacks/code/kernel/linux/arch/x86/include/asm/stackprotector.h:73]
  <@0x7fc60e5bb880> get_current() [/mnt/hacks/code/kernel/linux/arch/x86/include/asm/stackprotector.h:76]

<function_decl> tick_nohz_init() [include/linux/tick.h:168]

<function_decl> page_cgroup_init_flatmem() [include/linux/page_cgroup.h:33]

<function_decl> sched_clock_postinit() [include/linux/sched_clock.h:14]

<function_decl> set_reset_devices(char * str) [init/main.c:149]

<function_decl> debug_kernel(char * str) [init/main.c:200]

<function_decl> quiet_kernel(char * str) [init/main.c:206]

<function_decl> init_setup(char * str) [init/main.c:296]

<function_decl> rdinit_setup(char * str) [init/main.c:313]

<function_decl> do_ctors() [init/main.c:647]

<function_decl> loglevel(char * str) [init/main.c:215]
  <@0x7fc60e59c000> get_option(<addr_expr> <parm_decl> &str, <addr_expr> <var_decl> &newlevel) [init/main.c:224]

<function_decl> do_one_initcall_debug(int (*initcall_t)(null) fn) [init/main.c:660]
  <@0x7fc60e59c2f8> __builtin_expect((long int ) <ssa_name> <var_decl> <unnamed>_4, <integer_cst> 0l) [init/main.c:666]
  <@0x7fc60e5a2780> get_current() [init/main.c:666]
  <@0x7fc60e564908> task_pid_nr(
    <@0x7fc60e5a2780> get_current()) [init/main.c:666]
  <@0x7fc60e5a5000> __dynamic_pr_debug(<addr_expr> <var_decl> &descriptor, <addr_expr> <string_cst> "calling  %...", <parm_decl> fn, 
    <@0x7fc60e564908> task_pid_nr(
      <@0x7fc60e5a2780> get_current())) [init/main.c:666]
  <@0x7fc60e5a2800> ktime_get() [init/main.c:667]
  <@0x7fc60e5a2900> ktime_get() [init/main.c:669]
  <@0x7fc60e59c390> __builtin_expect((long int ) <ssa_name> <var_decl> <unnamed>_20, <integer_cst> 0l) [init/main.c:672]
  <@0x7fc60e597bd0> __dynamic_pr_debug(<addr_expr> <var_decl> &descriptor, <addr_expr> <string_cst> "initcall %...", <parm_decl> fn, , <ssa_name> <var_decl> <unnamed>_15 >> <integer_cst> 10) [init/main.c:672]

<function_decl> arch_local_save_flags() [/mnt/hacks/code/kernel/linux/arch/x86/include/asm/paravirt.h:822]
  <@0x7fc60e59c428> __builtin_expect((long int ) <ssa_name> <var_decl> <unnamed>_12, <integer_cst> 0l) [/mnt/hacks/code/kernel/linux/arch/x86/include/asm/paravirt.h:824]
  <@0x7fc60e5a2f00> __builtin_unreachable() [/mnt/hacks/code/kernel/linux/arch/x86/include/asm/paravirt.h:824]

<function_decl> arch_local_irq_enable() [/mnt/hacks/code/kernel/linux/arch/x86/include/asm/paravirt.h:837]
  <@0x7fc60e59c5f0> __builtin_expect((long int ) <ssa_name> <var_decl> <unnamed>_12, <integer_cst> 0l) [/mnt/hacks/code/kernel/linux/arch/x86/include/asm/paravirt.h:839]
  <@0x7fc60e5ad400> __builtin_unreachable() [/mnt/hacks/code/kernel/linux/arch/x86/include/asm/paravirt.h:839]

<function_decl> arch_local_irq_disable() [/mnt/hacks/code/kernel/linux/arch/x86/include/asm/paravirt.h:832]
  <@0x7fc60e5d6428> __builtin_expect((long int ) <ssa_name> <var_decl> <unnamed>_12, <integer_cst> 0l) [/mnt/hacks/code/kernel/linux/arch/x86/include/asm/paravirt.h:834]
  <@0x7fc60e5d1680> __builtin_unreachable() [/mnt/hacks/code/kernel/linux/arch/x86/include/asm/paravirt.h:834]

<function_decl> boot_cpu_init() [init/main.c:435]
  <@0x7fc60e59ced8> set_cpu_online((unsigned int ) <ssa_name> <var_decl> cpu_6, <integer_cst> 1) [init/main.c:439]
  <@0x7fc60e5d6000> set_cpu_active((unsigned int ) <ssa_name> <var_decl> cpu_6, <integer_cst> 1) [init/main.c:440]
  <@0x7fc60e5d6098> set_cpu_present((unsigned int ) <ssa_name> <var_decl> cpu_6, <integer_cst> 1) [init/main.c:441]
  <@0x7fc60e5d6130> set_cpu_possible((unsigned int ) <ssa_name> <var_decl> cpu_6, <integer_cst> 1) [init/main.c:442]

<function_decl> setup_command_line(char * command_line) [init/main.c:346]
  <@0x7fc60e5a7b28> strlen(<addr_expr> <var_decl> &boot_command_line) [init/main.c:348]
  <@0x7fc60e5d61c8> __alloc_bootmem(<ssa_name> <var_decl> <unnamed>_1 + <integer_cst> 1u, <integer_cst> 64ul, <integer_cst> 0ul) [init/main.c:348]
  <@0x7fc60e5a7bb0> strlen(<parm_decl> command_line) [init/main.c:349]
  <@0x7fc60e5d6260> __alloc_bootmem(<ssa_name> <var_decl> <unnamed>_5 + <integer_cst> 1u, <integer_cst> 64ul, <integer_cst> 0ul) [init/main.c:349]
  <@0x7fc60e5d62f8> strcpy(saved_command_line, <addr_expr> <var_decl> &boot_command_line) [init/main.c:350]
  <@0x7fc60e5d6390> strcpy(static_command_line, <parm_decl> command_line) [init/main.c:351]

<function_decl> mm_init() [init/main.c:458]
  <@0x7fc60e5d1300> page_cgroup_init_flatmem() [init/main.c:464]
  <@0x7fc60e5d1380> mem_init() [init/main.c:465]
  <@0x7fc60e5d1400> kmem_cache_init() [init/main.c:466]
  <@0x7fc60e5d1480> percpu_init_late() [init/main.c:467]
  <@0x7fc60e5d1500> vmalloc_init() [init/main.c:469]

<function_decl> rcu_lock_acquire(struct lockdep_map * map) [include/linux/rcupdate.h:319]
  <@0x7fc60e8e4c38> lock_acquire(<parm_decl> map, <integer_cst> 0u, <integer_cst> 0, <integer_cst> 2, <integer_cst> 1, <pointer_type> <integer_cst> 0, (long unsigned int ) <addr_expr> ) [include/linux/rcupdate.h:321]

<function_decl> rcu_read_lock() [include/linux/rcupdate.h:773]
  <@0x7fc60e5d1a80> __rcu_read_lock() [include/linux/rcupdate.h:775]
  <@0x7fc60e5a7f68> rcu_lock_acquire(<addr_expr> <var_decl> &rcu_lock_map) [include/linux/rcupdate.h:777]
  <@0x7fc60e5d1b00> debug_lockdep_rcu_enabled() [include/linux/rcupdate.h:778]
  <@0x7fc60e5d1d80> rcu_is_cpu_idle() [include/linux/rcupdate.h:778]
  <@0x7fc60e5d6720> lockdep_rcu_suspicious(<addr_expr> <string_cst> "include/li...", <integer_cst> 779, <addr_expr> <string_cst> "rcu_read_l...") [include/linux/rcupdate.h:778]

<function_decl> rcu_lock_release(struct lockdep_map * map) [include/linux/rcupdate.h:324]
  <@0x7fc60e5d6850> lock_release(<parm_decl> map, <integer_cst> 1, (long unsigned int ) <addr_expr> ) [include/linux/rcupdate.h:326]

<function_decl> rcu_read_unlock() [include/linux/rcupdate.h:797]
  <@0x7fc60e5d1f80> debug_lockdep_rcu_enabled() [include/linux/rcupdate.h:799]
  <@0x7fc60e5e4200> rcu_is_cpu_idle() [include/linux/rcupdate.h:799]
  <@0x7fc60e5d67b8> lockdep_rcu_suspicious(<addr_expr> <string_cst> "include/li...", <integer_cst> 800, <addr_expr> <string_cst> "rcu_read_u...") [include/linux/rcupdate.h:799]
  <@0x7fc60e5a7000> rcu_lock_release(<addr_expr> <var_decl> &rcu_lock_map) [include/linux/rcupdate.h:801]
  <@0x7fc60e5e4380> __rcu_read_unlock() [include/linux/rcupdate.h:803]

<function_decl> rest_init() [init/main.c:365]
  <@0x7fc60e5d1780> rcu_scheduler_starting() [init/main.c:369]
  <@0x7fc60e5d6558> kernel_thread(<addr_expr> <function_decl> kernel_init , <pointer_type> <integer_cst> 0, <integer_cst> 2560ul) [init/main.c:375]
  <@0x7fc60e5d1800> numa_default_policy() [init/main.c:376]
  <@0x7fc60e5d65f0> kernel_thread(<addr_expr> <function_decl> kthreadd , <pointer_type> <integer_cst> 0, <integer_cst> 1536ul) [init/main.c:377]
  <@0x7fc60e5d1880> rcu_read_lock() [init/main.c:378]
  <@0x7fc60e5d6688> find_task_by_pid_ns(
    <@0x7fc60e5d65f0> kernel_thread(<addr_expr> <function_decl> kthreadd , <pointer_type> <integer_cst> 0, <integer_cst> 1536ul), <addr_expr> <var_decl> &init_pid_ns) [init/main.c:379]
  <@0x7fc60e5d1900> rcu_read_unlock() [init/main.c:380]
  <@0x7fc60e5a7d48> complete(<addr_expr> <var_decl> &kthreadd_done) [init/main.c:381]
  <@0x7fc60e5d1980> get_current() [init/main.c:387]
  <@0x7fc60e5a7dd0> init_idle_bootup_task(
    <@0x7fc60e5d1980> get_current()) [init/main.c:387]
  <@0x7fc60e5d1a00> schedule_preempt_disabled() [init/main.c:388]
  <@0x7fc60e5a7e58> cpu_startup_entry(<integer_cst> 1u) [init/main.c:390]

<function_decl> spin_lock(struct spinlock_t* lock) [include/linux/spinlock.h:283]
  <@0x7fc60e5e9990> _raw_spin_lock(<addr_expr> <component_ref> <component_ref> <ssa_name> <parm_decl> &lock_1-><unnamed>.rlock) [include/linux/spinlock.h:285]

<function_decl> task_lock(struct task_struct * p) [include/linux/sched.h:2205]
  <@0x7fc60e5e9908> spin_lock(<addr_expr> <component_ref> <ssa_name> <parm_decl> &p_1->alloc_lock) [include/linux/sched.h:2207]

<function_decl> spin_unlock(struct spinlock_t* lock) [include/linux/spinlock.h:323]
  <@0x7fc60e5e9aa0> _raw_spin_unlock(<addr_expr> <component_ref> <component_ref> <ssa_name> <parm_decl> &lock_1-><unnamed>.rlock) [include/linux/spinlock.h:325]

<function_decl> task_unlock(struct task_struct * p) [include/linux/sched.h:2210]
  <@0x7fc60e5e9a18> spin_unlock(<addr_expr> <component_ref> <ssa_name> <parm_decl> &p_1->alloc_lock) [include/linux/sched.h:2212]

<function_decl> set_mems_allowed(struct nodemask_t nodemask) [include/linux/cpuset.h:111]
  <@0x7fc60e5ee600> get_current() [include/linux/cpuset.h:113]
  <@0x7fc60e5e96e8> task_lock(
    <@0x7fc60e5ee600> get_current()) [include/linux/cpuset.h:113]
  <@0x7fc60e5ee680> get_current() [include/linux/cpuset.h:114]
  <@0x7fc60e5e9770> write_seqcount_begin(<addr_expr> <component_ref> <ssa_name> <var_decl> &<unnamed>_2->mems_allowed_seq) [include/linux/cpuset.h:114]
  <@0x7fc60e5ee700> get_current() [include/linux/cpuset.h:115]
  <@0x7fc60e5ee780> get_current() [include/linux/cpuset.h:116]
  <@0x7fc60e5e97f8> write_seqcount_end(<addr_expr> <component_ref> <ssa_name> <var_decl> &<unnamed>_5->mems_allowed_seq) [include/linux/cpuset.h:116]
  <@0x7fc60e5ee800> get_current() [include/linux/cpuset.h:117]
  <@0x7fc60e5e9880> task_unlock(
    <@0x7fc60e5ee800> get_current()) [include/linux/cpuset.h:117]

<function_decl> usermodehelper_enable() [include/linux/kmod.h:98]
  <@0x7fc60e5e9c38> __usermodehelper_set_disable_depth(<integer_cst> 0u) [include/linux/kmod.h:100]

<function_decl> repair_env_string(char * param, char * val, const char * unused) [init/main.c:235]
  <@0x7fc60e5e9f68> strlen(<parm_decl> param) [init/main.c:239]
  <@0x7fc60e5e9220> strlen(<parm_decl> param) [init/main.c:241]
  <@0x7fc60e5e9660> strlen(<parm_decl> val) [init/main.c:243]
  <@0x7fc60e5d6c78> memmove(<ssa_name> <parm_decl> val_1 + <integer_cst> 18446744073709551615u, <parm_decl> val, <ssa_name> <var_decl> <unnamed>_11 + <integer_cst> 1u) [init/main.c:243]
  <@0x7fc60e600180> __builtin_unreachable() [init/main.c:246]

<function_decl> run_init_process(const char * init_filename) [init/main.c:802]
  <@0x7fc60e5d6d10> do_execve(<parm_decl> init_filename, <addr_expr> <var_decl> &argv_init, <addr_expr> <var_decl> &envp_init) [init/main.c:805]

<function_decl> obsolete_checksetup(char * line) [init/main.c:163]
  <@0x7fc60e609110> strlen(<component_ref> <ssa_name> <var_decl> p_1->str) [init/main.c:170]
  <@0x7fc60e605098> parameqn(<parm_decl> line, <component_ref> <ssa_name> <var_decl> p_1->str, (long unsigned int ) <ssa_name> <var_decl> n_9) [init/main.c:171]
  <@0x7fc60e605130> printk(<addr_expr> <string_cst> "\14Paramete...", <component_ref> <ssa_name> <var_decl> p_1->str) [init/main.c:180]

<function_decl> unknown_bootoption(char * param, char * val, const char * unused) [init/main.c:255]
  <@0x7fc60e5d6da8> repair_env_string(<parm_decl> param, <parm_decl> val, <parm_decl> unused) [init/main.c:257]
  <@0x7fc60e5e9ee0> obsolete_checksetup(<parm_decl> param) [init/main.c:260]
  <@0x7fc60e5d6e40> strchr(<parm_decl> param, <integer_cst> 46) [init/main.c:264]
  <@0x7fc60e5d6ed8> strchr(<parm_decl> param, <integer_cst> 46) [init/main.c:264]
  <@0x7fc60e605000> strncmp(<parm_decl> param, , (long unsigned int ) <ssa_name> <var_decl> <unnamed>_18) [init/main.c:278]

<function_decl> do_early_param(char * param, char * val, const char * unused) [init/main.c:394]
  <@0x7fc60e605260> parameq(<parm_decl> param, <component_ref> <ssa_name> <var_decl> p_1->str) [init/main.c:399]
  <@0x7fc60e6052f8> strcmp(<parm_decl> param, <addr_expr> <string_cst> "console") [init/main.c:400]
  <@0x7fc60e605390> strcmp(<component_ref> <ssa_name> <var_decl> p_1->str, <addr_expr> <string_cst> "earlycon") [init/main.c:401]
  <@0x7fc60e605428> printk(<addr_expr> <string_cst> "\14Malforme...", <parm_decl> param) [init/main.c:404]

<function_decl> parse_early_options(char * cmdline) [init/main.c:411]
  <@0x7fc60e8e4da8> parse_args(<addr_expr> <string_cst> "early opti...", <parm_decl> cmdline, <pointer_type> <integer_cst> 0, <integer_cst> 0u, <integer_cst> 0, <integer_cst> 0, <addr_expr> <function_decl> do_early_param ) [init/main.c:413]

<function_decl> parse_early_param() [init/main.c:417]
  <@0x7fc60e6051c8> strlcpy(<addr_expr> <var_decl> &tmp_cmdline, <addr_expr> <var_decl> &boot_command_line, <integer_cst> 2048u) [init/main.c:426]
  <@0x7fc60e6092a8> parse_early_options(<addr_expr> <var_decl> &tmp_cmdline) [init/main.c:427]

<function_decl> smp_setup_processor_id() [init/main.c:445]

<function_decl> thread_info_cache_init() [init/main.c:450]

<function_decl> start_kernel() [init/main.c:472]
  <@0x7fc60e5ad500> lockdep_init() [init/main.c:481]
  <@0x7fc60e5ad580> smp_setup_processor_id() [init/main.c:482]
  <@0x7fc60e5ad600> debug_objects_early_init() [init/main.c:483]
  <@0x7fc60e5ad680> boot_init_stack_canary() [init/main.c:488]
  <@0x7fc60e5ad700> cgroup_init_early() [init/main.c:490]
  <@0x7fc60e5ad780> arch_local_irq_disable() [init/main.c:492]
  <@0x7fc60e5ad800> trace_hardirqs_off() [init/main.c:492]
  <@0x7fc60e5ad880> boot_cpu_init() [init/main.c:499]
  <@0x7fc60e59c720> printk(<addr_expr> <string_cst> "\15%s", <addr_expr> <var_decl> &linux_banner) [init/main.c:501]
  <@0x7fc60e5a7220> setup_arch(<addr_expr> <var_decl> &command_line) [init/main.c:502]
  <@0x7fc60e59c7b8> mm_init_owner(<addr_expr> <var_decl> &init_mm, <addr_expr> <var_decl> &init_task) [init/main.c:503]
  <@0x7fc60e5a72a8> mm_init_cpumask(<addr_expr> <var_decl> &init_mm) [init/main.c:504]
  <@0x7fc60e5a7330> setup_command_line(command_line) [init/main.c:505]
  <@0x7fc60e5ad900> setup_nr_cpu_ids() [init/main.c:506]
  <@0x7fc60e5ad980> setup_per_cpu_areas() [init/main.c:507]
  <@0x7fc60e5ada00> smp_prepare_boot_cpu() [init/main.c:508]
  <@0x7fc60e59c850> build_all_zonelists(<pointer_type> <integer_cst> 0, <pointer_type> <integer_cst> 0) [init/main.c:510]
  <@0x7fc60e5ada80> page_alloc_init() [init/main.c:511]
  <@0x7fc60e59c8e8> printk(<addr_expr> <string_cst> "\15Kernel c...", <addr_expr> <var_decl> &boot_command_line) [init/main.c:513]
  <@0x7fc60e5adb00> parse_early_param() [init/main.c:514]
  <@0x7fc60e8e4b80> parse_args(<addr_expr> <string_cst> "Booting ke...", static_command_line, <addr_expr> <var_decl> &__start___param, (unsigned int ) <ssa_name> <var_decl> <unnamed>_5, <integer_cst> -1, <integer_cst> -1, <addr_expr> <function_decl> unknown_bootoption ) [init/main.c:515]
  <@0x7fc60e5adb80> jump_label_init() [init/main.c:519]
  <@0x7fc60e5a73b8> setup_log_buf(<integer_cst> 0) [init/main.c:525]
  <@0x7fc60e5adc00> pidhash_init() [init/main.c:526]
  <@0x7fc60e5adc80> vfs_caches_init_early() [init/main.c:527]
  <@0x7fc60e5add00> sort_main_extable() [init/main.c:528]
  <@0x7fc60e5add80> trap_init() [init/main.c:529]
  <@0x7fc60e5ade00> mm_init() [init/main.c:530]
  <@0x7fc60e5ade80> sched_init() [init/main.c:537]
  <@0x7fc60e5adf00> current_thread_info() [init/main.c:542]
  <@0x7fc60e5adf80> arch_local_save_flags() [init/main.c:543]
  <@0x7fc60e5a7440> arch_irqs_disabled_flags(
    <@0x7fc60e5adf80> arch_local_save_flags()) [init/main.c:543]
  <@0x7fc60e59c980> __builtin_expect((long int ) <ssa_name> <var_decl> <unnamed>_18, <integer_cst> 0l) [init/main.c:543]
  <@0x7fc60e59ca18> warn_slowpath_fmt(<addr_expr> <string_cst> "init/main....", <integer_cst> 543, <addr_expr> <string_cst> "Interrupts...") [init/main.c:543]
  <@0x7fc60e59cab0> __builtin_expect((long int ) <ssa_name> <var_decl> <unnamed>_21, <integer_cst> 0l) [init/main.c:543]
  <@0x7fc60e5b4200> arch_local_irq_disable() [init/main.c:544]
  <@0x7fc60e5b4280> trace_hardirqs_off() [init/main.c:544]
  <@0x7fc60e5b4300> idr_init_cache() [init/main.c:545]
  <@0x7fc60e5b4380> rcu_init() [init/main.c:546]
  <@0x7fc60e5b4400> tick_nohz_init() [init/main.c:547]
  <@0x7fc60e5b4480> radix_tree_init() [init/main.c:548]
  <@0x7fc60e5b4500> early_irq_init() [init/main.c:550]
  <@0x7fc60e5b4580> init_IRQ() [init/main.c:551]
  <@0x7fc60e5b4600> tick_init() [init/main.c:552]
  <@0x7fc60e5b4680> init_timers() [init/main.c:553]
  <@0x7fc60e5b4700> hrtimers_init() [init/main.c:554]
  <@0x7fc60e5b4780> softirq_init() [init/main.c:555]
  <@0x7fc60e5b4800> timekeeping_init() [init/main.c:556]
  <@0x7fc60e5b4880> time_init() [init/main.c:557]
  <@0x7fc60e5b4900> sched_clock_postinit() [init/main.c:558]
  <@0x7fc60e5b4980> perf_event_init() [init/main.c:559]
  <@0x7fc60e5b4a00> profile_init() [init/main.c:560]
  <@0x7fc60e5b4a80> call_function_init() [init/main.c:561]
  <@0x7fc60e5b4b00> arch_local_save_flags() [init/main.c:562]
  <@0x7fc60e5a74c8> arch_irqs_disabled_flags(
    <@0x7fc60e5b4b00> arch_local_save_flags()) [init/main.c:562]
  <@0x7fc60e59cb48> __builtin_expect((long int ) <ssa_name> <var_decl> <unnamed>_31, <integer_cst> 0l) [init/main.c:562]
  <@0x7fc60e59cbe0> warn_slowpath_fmt(<addr_expr> <string_cst> "init/main....", <integer_cst> 562, <addr_expr> <string_cst> "Interrupts...") [init/main.c:562]
  <@0x7fc60e59cc78> __builtin_expect((long int ) <ssa_name> <var_decl> <unnamed>_34, <integer_cst> 0l) [init/main.c:562]
  <@0x7fc60e5b4c80> trace_hardirqs_on() [init/main.c:564]
  <@0x7fc60e5b4d00> arch_local_irq_enable() [init/main.c:564]
  <@0x7fc60e5b4d80> kmem_cache_init_late() [init/main.c:566]
  <@0x7fc60e5b4e00> console_init() [init/main.c:573]
  <@0x7fc60e59cd10> panic(panic_later, panic_param) [init/main.c:575]
  <@0x7fc60e5b4f80> lockdep_info() [init/main.c:577]
  <@0x7fc60e5b9000> locking_selftest() [init/main.c:584]
  <@0x7fc60e5a7550> __phys_addr(initrd_start) [init/main.c:588]
  <@0x7fc60e5a75d8> __phys_addr(initrd_start) [init/main.c:589]
  <@0x7fc60e59cda8> printk(<addr_expr> <string_cst> "\12initrd o...", (long unsigned int ) <ssa_name> <var_decl> <unnamed>_60, min_low_pfn) [init/main.c:589]
  <@0x7fc60e5b9380> page_cgroup_init() [init/main.c:595]
  <@0x7fc60e5b9400> debug_objects_mem_init() [init/main.c:596]
  <@0x7fc60e5b9480> kmemleak_init() [init/main.c:597]
  <@0x7fc60e5b9500> setup_per_cpu_pageset() [init/main.c:598]
  <@0x7fc60e5b9580> numa_policy_init() [init/main.c:599]
  <@0x7fc60e5b9780> sched_clock_init() [init/main.c:602]
  <@0x7fc60e5b9800> calibrate_delay() [init/main.c:603]
  <@0x7fc60e5b9880> pidmap_init() [init/main.c:604]
  <@0x7fc60e5b9900> anon_vma_init() [init/main.c:605]
  <@0x7fc60e5a7660> efi_enabled(<integer_cst> 3) [init/main.c:607]
  <@0x7fc60e5b9a80> efi_enter_virtual_mode() [init/main.c:608]
  <@0x7fc60e5b9b00> thread_info_cache_init() [init/main.c:610]
  <@0x7fc60e5b9b80> cred_init() [init/main.c:611]
  <@0x7fc60e5a76e8> fork_init(totalram_pages) [init/main.c:612]
  <@0x7fc60e5b9c00> proc_caches_init() [init/main.c:613]
  <@0x7fc60e5b9c80> buffer_init() [init/main.c:614]
  <@0x7fc60e5b9d00> key_init() [init/main.c:615]
  <@0x7fc60e5b9d80> security_init() [init/main.c:616]
  <@0x7fc60e5b9e00> dbg_late_init() [init/main.c:617]
  <@0x7fc60e5a7770> vfs_caches_init(totalram_pages) [init/main.c:618]
  <@0x7fc60e5b9e80> signals_init() [init/main.c:619]
  <@0x7fc60e5b9f00> page_writeback_init() [init/main.c:621]
  <@0x7fc60e5b9f80> proc_root_init() [init/main.c:623]
  <@0x7fc60e5bb000> cgroup_init() [init/main.c:625]
  <@0x7fc60e5bb080> cpuset_init() [init/main.c:626]
  <@0x7fc60e5bb100> taskstats_init_early() [init/main.c:627]
  <@0x7fc60e5bb180> delayacct_init() [init/main.c:628]
  <@0x7fc60e5bb200> check_bugs() [init/main.c:630]
  <@0x7fc60e5bb280> acpi_early_init() [init/main.c:632]
  <@0x7fc60e5bb300> sfi_init_late() [init/main.c:633]
  <@0x7fc60e5a77f8> efi_enabled(<integer_cst> 3) [init/main.c:635]
  <@0x7fc60e5bb480> efi_late_init() [init/main.c:636]
  <@0x7fc60e5bb500> efi_free_boot_services() [init/main.c:637]
  <@0x7fc60e5bb580> ftrace_init() [init/main.c:640]
  <@0x7fc60e5bb600> rest_init() [init/main.c:643]

<function_decl> do_one_initcall(int (*initcall_t)(null) fn) [init/main.c:678]
  <@0x7fc60e58fd80> current_thread_info() [init/main.c:680]
  <@0x7fc60e564ee0> do_one_initcall_debug(<parm_decl> fn) [init/main.c:685]
  <@0x7fc60e5a2000> current_thread_info() [init/main.c:691]
  <@0x7fc60e59c098> __builtin_strcpy(<addr_expr> <var_decl> &msgbuf, <addr_expr> <string_cst> "preemption...") [init/main.c:692]
  <@0x7fc60e5a2180> current_thread_info() [init/main.c:693]
  <@0x7fc60e5a2200> arch_local_save_flags() [init/main.c:695]
  <@0x7fc60e564f68> arch_irqs_disabled_flags(
    <@0x7fc60e5a2200> arch_local_save_flags()) [init/main.c:695]
  <@0x7fc60e59c130> strlcat(<addr_expr> <var_decl> &msgbuf, <addr_expr> <string_cst> "disabled i...", <integer_cst> 64ul) [init/main.c:696]
  <@0x7fc60e5a2380> trace_hardirqs_on() [init/main.c:697]
  <@0x7fc60e5a2400> arch_local_irq_enable() [init/main.c:697]
  <@0x7fc60e59c1c8> __builtin_expect((long int ) <ssa_name> <var_decl> <unnamed>_19, <integer_cst> 0l) [init/main.c:699]
  <@0x7fc60e5979d8> warn_slowpath_fmt(<addr_expr> <string_cst> "init/main....", <integer_cst> 699, <addr_expr> <string_cst> "initcall %...", <parm_decl> fn, <addr_expr> <var_decl> &msgbuf) [init/main.c:699]
  <@0x7fc60e59c260> __builtin_expect((long int ) <ssa_name> <var_decl> <unnamed>_22, <integer_cst> 0l) [init/main.c:699]

<function_decl> do_pre_smp_initcalls() [init/main.c:783]
  <@0x7fc60e5e9bb0> do_one_initcall() [init/main.c:788]

<function_decl> do_initcall_level(int  level) [init/main.c:740]
  <@0x7fc60e5d6be0> strcpy(static_command_line, saved_command_line) [init/main.c:745]
  <@0x7fc60e8e4cf0> parse_args(, static_command_line, <addr_expr> <var_decl> &__start___param, (unsigned int ) <ssa_name> <var_decl> <unnamed>_12, (int ) <ssa_name> <var_decl> <unnamed>_7, (int ) <ssa_name> <var_decl> <unnamed>_7, <addr_expr> <function_decl> repair_env_string ) [init/main.c:746]
  <@0x7fc60e5e9d48> do_one_initcall() [init/main.c:753]

<function_decl> do_initcalls() [init/main.c:756]
  <@0x7fc60e5e9cc0> do_initcall_level(<ssa_name> <var_decl> level_1 = PHI(<ssa_name> <var_decl> level_2, <ssa_name> <var_decl> level_4)) [init/main.c:761]

<function_decl> do_basic_setup() [init/main.c:771]
  <@0x7fc60e5ee900> cpuset_init_smp() [init/main.c:773]
  <@0x7fc60e5ee980> usermodehelper_init() [init/main.c:774]
  <@0x7fc60e5eea00> shmem_init() [init/main.c:775]
  <@0x7fc60e5eea80> driver_init() [init/main.c:776]
  <@0x7fc60e5eeb00> init_irq_proc() [init/main.c:777]
  <@0x7fc60e5eeb80> do_ctors() [init/main.c:778]
  <@0x7fc60e5eec00> usermodehelper_enable() [init/main.c:779]
  <@0x7fc60e5eec80> do_initcalls() [init/main.c:780]

<function_decl> load_default_modules() [init/main.c:797]
  <@0x7fc60e58fd00> load_default_elevator_module() [init/main.c:799]

<function_decl> kernel_init_freeable() [init/main.c:852]
  <@0x7fc60e5e92a8> wait_for_completion(<addr_expr> <var_decl> &kthreadd_done) [init/main.c:857]
  <@0x7fc60e5e9330> set_mems_allowed() [init/main.c:865]
  <@0x7fc60e5e4e80> get_current() [init/main.c:869]
  <@0x7fc60e5d6a18> set_cpus_allowed_ptr(
    <@0x7fc60e5e4e80> get_current(), <addr_expr> <var_decl> &cpu_all_bits) [init/main.c:869]
  <@0x7fc60e5e4f00> get_current() [init/main.c:871]
  <@0x7fc60e5e93b8> task_pid(
    <@0x7fc60e5e4f00> get_current()) [init/main.c:871]
  <@0x7fc60e5e9440> smp_prepare_cpus(setup_max_cpus) [init/main.c:873]
  <@0x7fc60e5e4f80> do_pre_smp_initcalls() [init/main.c:875]
  <@0x7fc60e5ee000> lockup_detector_init() [init/main.c:876]
  <@0x7fc60e5ee080> smp_init() [init/main.c:878]
  <@0x7fc60e5ee100> sched_init_smp() [init/main.c:879]
  <@0x7fc60e5ee180> do_basic_setup() [init/main.c:881]
  <@0x7fc60e5d6ab0> sys_open(<addr_expr> <string_cst> "/dev/conso...", <integer_cst> 2, <integer_cst> 0) [init/main.c:884]
  <@0x7fc60e5e94c8> printk(<addr_expr> <string_cst> "\13Warning:...") [init/main.c:885]
  <@0x7fc60e5e9550> sys_dup(<integer_cst> 0u) [init/main.c:887]
  <@0x7fc60e5e95d8> sys_dup(<integer_cst> 0u) [init/main.c:888]
  <@0x7fc60e5d6b48> sys_access(ramdisk_execute_command, <integer_cst> 0) [init/main.c:897]
  <@0x7fc60e5ee500> prepare_namespace() [init/main.c:899]
  <@0x7fc60e5ee580> load_default_modules() [init/main.c:909]

<function_decl> kernel_init(void * unused) [init/main.c:812]
  <@0x7fc60e5e4480> kernel_init_freeable() [init/main.c:814]
  <@0x7fc60e5e4500> async_synchronize_full() [init/main.c:816]
  <@0x7fc60e5e4580> free_initmem() [init/main.c:817]
  <@0x7fc60e5e4600> mark_rodata_ro() [init/main.c:818]
  <@0x7fc60e5e4680> numa_default_policy() [init/main.c:820]
  <@0x7fc60e5e4700> flush_delayed_fput() [init/main.c:822]
  <@0x7fc60e5a7880> run_init_process(ramdisk_execute_command) [init/main.c:825]
  <@0x7fc60e5d68e8> printk(<addr_expr> <string_cst> "\13Failed t...", ramdisk_execute_command) [init/main.c:827]
  <@0x7fc60e5a7908> run_init_process(execute_command) [init/main.c:837]
  <@0x7fc60e5d6980> printk(<addr_expr> <string_cst> "\13Failed t...", execute_command) [init/main.c:839]
  <@0x7fc60e5a7c38> run_init_process(<addr_expr> <string_cst> "/sbin/init...") [init/main.c:842]
  <@0x7fc60e5a7ee0> run_init_process(<addr_expr> <string_cst> "/etc/init") [init/main.c:843]
  <@0x7fc60e5e9000> run_init_process(<addr_expr> <string_cst> "/bin/init") [init/main.c:844]
  <@0x7fc60e5e9088> run_init_process(<addr_expr> <string_cst> "/bin/sh") [init/main.c:845]
  <@0x7fc60e5e9110> panic(<addr_expr> <string_cst> "No init fo...") [init/main.c:848]

<function_decl> _GLOBAL__sub_I_65535_0_envp_init() [init/main.c:910]
  <@0x7fc60e6e9220> __gcov_init(<addr_expr> <var_decl> &*.LPBX0) [init/main.c:910]

